生成启动时间为 2018/6/6 0:06:32。
     1>项目“C:\Documents\Visual Studio 2010\Projects\学生成绩管理系统\学生成绩管理系统\学生成绩管理系统.vcxproj”在节点 2 上(build 个目标)。
     1>PrepareForBuild:
         正在创建目录“C:\Documents\Visual Studio 2010\Projects\学生成绩管理系统\Debug\”。
       InitializeBuildStatus:
         正在创建“Debug\学生成绩管理系统.unsuccessfulbuild”，因为已指定“AlwaysCreate”。
       ClCompile:
         D:\Microsoft Visual Studio 10.0\VC\bin\CL.exe /c /ZI /nologo /W3 /WX- /Od /Oy- /D WIN32 /D _DEBUG /D _CONSOLE /D _UNICODE /D UNICODE /Gm /EHsc /RTC1 /MTd /GS /fp:precise /Zc:wchar_t /Zc:forScope /Fo"Debug\\" /Fd"Debug\vc100.pdb" /Gd /TP /analyze- /errorReport:prompt main.cpp
         main.cpp
     1>c:\documents\visual studio 2010\projects\学生成绩管理系统\学生成绩管理系统\main.cpp(30): warning C4996: 'fopen': This function or variable may be unsafe. Consider using fopen_s instead. To disable deprecation, use _CRT_SECURE_NO_WARNINGS. See online help for details.
                 d:\microsoft visual studio 10.0\vc\include\stdio.h(234) : 参见“fopen”的声明
     1>c:\documents\visual studio 2010\projects\学生成绩管理系统\学生成绩管理系统\main.cpp(54): warning C4996: 'scanf': This function or variable may be unsafe. Consider using scanf_s instead. To disable deprecation, use _CRT_SECURE_NO_WARNINGS. See online help for details.
                 d:\microsoft visual studio 10.0\vc\include\stdio.h(304) : 参见“scanf”的声明
     1>c:\documents\visual studio 2010\projects\学生成绩管理系统\学生成绩管理系统\main.cpp(59): warning C4996: 'scanf': This function or variable may be unsafe. Consider using scanf_s instead. To disable deprecation, use _CRT_SECURE_NO_WARNINGS. See online help for details.
                 d:\microsoft visual studio 10.0\vc\include\stdio.h(304) : 参见“scanf”的声明
     1>c:\documents\visual studio 2010\projects\学生成绩管理系统\学生成绩管理系统\main.cpp(63): warning C4996: 'scanf': This function or variable may be unsafe. Consider using scanf_s instead. To disable deprecation, use _CRT_SECURE_NO_WARNINGS. See online help for details.
                 d:\microsoft visual studio 10.0\vc\include\stdio.h(304) : 参见“scanf”的声明
     1>c:\documents\visual studio 2010\projects\学生成绩管理系统\学生成绩管理系统\main.cpp(89): warning C4996: 'fopen': This function or variable may be unsafe. Consider using fopen_s instead. To disable deprecation, use _CRT_SECURE_NO_WARNINGS. See online help for details.
                 d:\microsoft visual studio 10.0\vc\include\stdio.h(234) : 参见“fopen”的声明
     1>c:\documents\visual studio 2010\projects\学生成绩管理系统\学生成绩管理系统\main.cpp(102): warning C4996: 'fscanf': This function or variable may be unsafe. Consider using fscanf_s instead. To disable deprecation, use _CRT_SECURE_NO_WARNINGS. See online help for details.
                 d:\microsoft visual studio 10.0\vc\include\stdio.h(253) : 参见“fscanf”的声明
     1>c:\documents\visual studio 2010\projects\学生成绩管理系统\学生成绩管理系统\main.cpp(134): warning C4996: 'scanf': This function or variable may be unsafe. Consider using scanf_s instead. To disable deprecation, use _CRT_SECURE_NO_WARNINGS. See online help for details.
                 d:\microsoft visual studio 10.0\vc\include\stdio.h(304) : 参见“scanf”的声明
     1>c:\documents\visual studio 2010\projects\学生成绩管理系统\学生成绩管理系统\main.cpp(136): warning C4996: 'scanf': This function or variable may be unsafe. Consider using scanf_s instead. To disable deprecation, use _CRT_SECURE_NO_WARNINGS. See online help for details.
                 d:\microsoft visual studio 10.0\vc\include\stdio.h(304) : 参见“scanf”的声明
     1>c:\documents\visual studio 2010\projects\学生成绩管理系统\学生成绩管理系统\main.cpp(139): warning C4996: 'scanf': This function or variable may be unsafe. Consider using scanf_s instead. To disable deprecation, use _CRT_SECURE_NO_WARNINGS. See online help for details.
                 d:\microsoft visual studio 10.0\vc\include\stdio.h(304) : 参见“scanf”的声明
     1>c:\documents\visual studio 2010\projects\学生成绩管理系统\学生成绩管理系统\main.cpp(153): warning C4996: 'scanf': This function or variable may be unsafe. Consider using scanf_s instead. To disable deprecation, use _CRT_SECURE_NO_WARNINGS. See online help for details.
                 d:\microsoft visual studio 10.0\vc\include\stdio.h(304) : 参见“scanf”的声明
     1>c:\documents\visual studio 2010\projects\学生成绩管理系统\学生成绩管理系统\main.cpp(175): warning C4996: 'scanf': This function or variable may be unsafe. Consider using scanf_s instead. To disable deprecation, use _CRT_SECURE_NO_WARNINGS. See online help for details.
                 d:\microsoft visual studio 10.0\vc\include\stdio.h(304) : 参见“scanf”的声明
     1>c:\documents\visual studio 2010\projects\学生成绩管理系统\学生成绩管理系统\main.cpp(177): warning C4996: 'scanf': This function or variable may be unsafe. Consider using scanf_s instead. To disable deprecation, use _CRT_SECURE_NO_WARNINGS. See online help for details.
                 d:\microsoft visual studio 10.0\vc\include\stdio.h(304) : 参见“scanf”的声明
     1>c:\documents\visual studio 2010\projects\学生成绩管理系统\学生成绩管理系统\main.cpp(180): warning C4996: 'scanf': This function or variable may be unsafe. Consider using scanf_s instead. To disable deprecation, use _CRT_SECURE_NO_WARNINGS. See online help for details.
                 d:\microsoft visual studio 10.0\vc\include\stdio.h(304) : 参见“scanf”的声明
     1>c:\documents\visual studio 2010\projects\学生成绩管理系统\学生成绩管理系统\main.cpp(190): warning C4996: 'scanf': This function or variable may be unsafe. Consider using scanf_s instead. To disable deprecation, use _CRT_SECURE_NO_WARNINGS. See online help for details.
                 d:\microsoft visual studio 10.0\vc\include\stdio.h(304) : 参见“scanf”的声明
     1>c:\documents\visual studio 2010\projects\学生成绩管理系统\学生成绩管理系统\main.cpp(233): warning C4996: 'scanf': This function or variable may be unsafe. Consider using scanf_s instead. To disable deprecation, use _CRT_SECURE_NO_WARNINGS. See online help for details.
                 d:\microsoft visual studio 10.0\vc\include\stdio.h(304) : 参见“scanf”的声明
     1>c:\documents\visual studio 2010\projects\学生成绩管理系统\学生成绩管理系统\main.cpp(264): warning C4996: 'scanf': This function or variable may be unsafe. Consider using scanf_s instead. To disable deprecation, use _CRT_SECURE_NO_WARNINGS. See online help for details.
                 d:\microsoft visual studio 10.0\vc\include\stdio.h(304) : 参见“scanf”的声明
     1>c:\documents\visual studio 2010\projects\学生成绩管理系统\学生成绩管理系统\main.cpp(295): warning C4996: 'scanf': This function or variable may be unsafe. Consider using scanf_s instead. To disable deprecation, use _CRT_SECURE_NO_WARNINGS. See online help for details.
                 d:\microsoft visual studio 10.0\vc\include\stdio.h(304) : 参见“scanf”的声明
     1>c:\documents\visual studio 2010\projects\学生成绩管理系统\学生成绩管理系统\main.cpp(185): warning C4715: “Change”: 不是所有的控件路径都返回值
     1>c:\documents\visual studio 2010\projects\学生成绩管理系统\学生成绩管理系统\main.cpp(226): warning C4715: “Delete”: 不是所有的控件路径都返回值
       ResourceCompile:
         C:\Program Files (x86)\Microsoft SDKs\Windows\v7.0A\bin\rc.exe /D _UNICODE /D UNICODE /l"0x0409" /nologo /fo"Debug\学生成绩管理系统.res" "学生成绩管理系统.rc" 
       ManifestResourceCompile:
         C:\Program Files (x86)\Microsoft SDKs\Windows\v7.0A\bin\rc.exe /nologo /fo"Debug\学生成绩管理系统.exe.embed.manifest.res" "Debug\学生成绩管理系统_manifest.rc" 
       Link:
         D:\Microsoft Visual Studio 10.0\VC\bin\link.exe /ERRORREPORT:PROMPT /OUT:"C:\Documents\Visual Studio 2010\Projects\学生成绩管理系统\Debug\学生成绩管理系统.exe" /INCREMENTAL /NOLOGO /MANIFEST /ManifestFile:"Debug\学生成绩管理系统.exe.intermediate.manifest" /MANIFESTUAC:"level='asInvoker' uiAccess='false'" /DEBUG /PDB:"C:\Documents\Visual Studio 2010\Projects\学生成绩管理系统\Debug\学生成绩管理系统.pdb" /SUBSYSTEM:CONSOLE /TLBID:1 /DYNAMICBASE /NXCOMPAT /IMPLIB:"C:\Documents\Visual Studio 2010\Projects\学生成绩管理系统\Debug\学生成绩管理系统.lib" /MACHINE:X86 "Debug\学生成绩管理系统.res"
         "Debug\学生成绩管理系统.exe.embed.manifest.res"
         Debug\main.obj
       Manifest:
         C:\Program Files (x86)\Microsoft SDKs\Windows\v7.0A\bin\mt.exe /nologo /verbose /out:"Debug\学生成绩管理系统.exe.embed.manifest" /manifest "Debug\学生成绩管理系统.exe.intermediate.manifest" "D:\Microsoft Visual Studio 10.0\VC\Include\Manifest\dpiaware.manifest"
         C:\Program Files (x86)\Microsoft SDKs\Windows\v7.0A\bin\rc.exe /nologo /fo"Debug\学生成绩管理系统.exe.embed.manifest.res" "Debug\学生成绩管理系统_manifest.rc" 
       LinkEmbedManifest:
         D:\Microsoft Visual Studio 10.0\VC\bin\link.exe /ERRORREPORT:PROMPT /OUT:"C:\Documents\Visual Studio 2010\Projects\学生成绩管理系统\Debug\学生成绩管理系统.exe" /INCREMENTAL /NOLOGO /MANIFEST /ManifestFile:"Debug\学生成绩管理系统.exe.intermediate.manifest" /MANIFESTUAC:"level='asInvoker' uiAccess='false'" /DEBUG /PDB:"C:\Documents\Visual Studio 2010\Projects\学生成绩管理系统\Debug\学生成绩管理系统.pdb" /SUBSYSTEM:CONSOLE /TLBID:1 /DYNAMICBASE /NXCOMPAT /IMPLIB:"C:\Documents\Visual Studio 2010\Projects\学生成绩管理系统\Debug\学生成绩管理系统.lib" /MACHINE:X86 "Debug\学生成绩管理系统.res"
         "Debug\学生成绩管理系统.exe.embed.manifest.res"
         Debug\main.obj
         学生成绩管理系统.vcxproj -> C:\Documents\Visual Studio 2010\Projects\学生成绩管理系统\Debug\学生成绩管理系统.exe
       FinalizeBuildStatus:
         正在删除文件“Debug\学生成绩管理系统.unsuccessfulbuild”。
         正在对“Debug\学生成绩管理系统.lastbuildstate”执行 Touch 任务。
     1>已完成生成项目“C:\Documents\Visual Studio 2010\Projects\学生成绩管理系统\学生成绩管理系统\学生成绩管理系统.vcxproj”(build 个目标)的操作。

生成成功。

已用时间 00:00:02.34
